INFO:root:SYTSTEM:scaricashutdown
INFO:root:reading update{'r_tensione': 28, 'r_carico': 70, 'r_produzione': 52, 'r_immissione': 99, 'r_boiler': 27, 'r_temperatura': 37, 'avg_temperatura': 1.2}at:2022-04-13 20:38:58.898121
INFO:root:Changed MOD TO: AUTO
INFO:root:STATE: InitState current reading: 2022-04-13 20:38:58.898121 freshFalse
INFO:root:STATE: InitState current reading: 2022-04-13 20:38:58.898121 freshFalse
INFO:root:STATE: InitState current reading: 2022-04-13 20:38:58.898121 freshFalse
INFO:root:trx fromInitStatetoTimeOutState
INFO:root:STATE: TimeOutState current reading: 2022-04-13 20:38:58.898121 freshFalse
INFO:root:reading update{'r_tensione': 87, 'r_carico': 58, 'r_produzione': 12, 'r_immissione': 80, 'r_boiler': 57, 'r_temperatura': 91, 'avg_temperatura': 4.3}at:2022-04-13 20:39:02.929376
INFO:root:STATE: TimeOutState current reading: 2022-04-13 20:39:02.929376 freshFalse
INFO:root:STATE: TimeOutState current reading: 2022-04-13 20:39:02.929376 freshFalse
INFO:root:STATE: TimeOutState current reading: 2022-04-13 20:39:02.929376 freshFalse
INFO:root:STATE: TimeOutState current reading: 2022-04-13 20:39:02.929376 freshFalse
INFO:root:STATE: TimeOutState current reading: 2022-04-13 20:39:02.929376 freshFalse
INFO:root:STATE: TimeOutState current reading: 2022-04-13 20:39:02.929376 freshFalse
INFO:root:STATE: TimeOutState current reading: 2022-04-13 20:39:02.929376 freshFalse
INFO:root:STATE: TimeOutState current reading: 2022-04-13 20:39:02.929376 freshFalse
INFO:root:STATE: TimeOutState current reading: 2022-04-13 20:39:02.929376 freshFalse
INFO:root:STATE: TimeOutState current reading: 2022-04-13 20:39:02.929376 freshFalse
INFO:root:STATE: TimeOutState current reading: 2022-04-13 20:39:02.929376 freshFalse
INFO:root:STATE: TimeOutState current reading: 2022-04-13 20:39:02.929376 freshFalse
INFO:root:STATE: TimeOutState current reading: 2022-04-13 20:39:02.929376 freshFalse
INFO:root:STATE: TimeOutState current reading: 2022-04-13 20:39:02.929376 freshFalse
INFO:root:STATE: TimeOutState current reading: 2022-04-13 20:39:02.929376 freshFalse
INFO:root:reading update{'r_tensione': 51, 'r_carico': 59, 'r_produzione': 26, 'r_immissione': 7, 'r_boiler': 87, 'r_temperatura': 25, 'avg_temperatura': 5.1}at:2022-04-13 20:39:18.988423
INFO:root:STATE: TimeOutState current reading: 2022-04-13 20:39:18.988423 freshFalse
INFO:root:STATE: TimeOutState current reading: 2022-04-13 20:39:18.988423 freshFalse
INFO:root:STATE: TimeOutState current reading: 2022-04-13 20:39:18.988423 freshFalse
INFO:root:STATE: TimeOutState current reading: 2022-04-13 20:39:18.988423 freshFalse
INFO:root:reading update{'r_tensione': 98, 'r_carico': 17, 'r_produzione': 38, 'r_immissione': 70, 'r_boiler': 36, 'r_temperatura': 81, 'avg_temperatura': 7.8}at:2022-04-13 20:39:23.041556
INFO:root:reading update{'r_tensione': 70, 'r_carico': 76, 'r_produzione': 9, 'r_immissione': 6, 'r_boiler': 85, 'r_temperatura': 85, 'avg_temperatura': 10.6}at:2022-04-13 20:39:23.104389
INFO:root:reading update{'r_tensione': 16, 'r_carico': 77, 'r_produzione': 97, 'r_immissione': 31, 'r_boiler': 6, 'r_temperatura': 94, 'avg_temperatura': 13.8}at:2022-04-13 20:39:23.153259
INFO:root:STATE: TimeOutState current reading: 2022-04-13 20:39:23.153259 freshFalse
INFO:root:STATE: TimeOutState current reading: 2022-04-13 20:39:23.153259 freshFalse
INFO:root:STATE: TimeOutState current reading: 2022-04-13 20:39:23.153259 freshFalse
INFO:root:STATE: TimeOutState current reading: 2022-04-13 20:39:23.153259 freshFalse
INFO:root:STATE: TimeOutState current reading: 2022-04-13 20:39:23.153259 freshFalse
INFO:root:STATE: TimeOutState current reading: 2022-04-13 20:39:23.153259 freshFalse
INFO:root:STATE: TimeOutState current reading: 2022-04-13 20:39:23.153259 freshFalse
INFO:root:STATE: TimeOutState current reading: 2022-04-13 20:39:23.153259 freshFalse
INFO:root:STATE: TimeOutState current reading: 2022-04-13 20:39:23.153259 freshFalse
INFO:root:SYTSTEM:scaricashutdown
INFO:root:STREAM: update{'r_tensione': 90, 'r_carico': 16, 'r_produzione': 96, 'r_immissione': 75, 'r_boiler': 1, 'r_temperatura': 13, 'avg_temperatura': 0.4}at:2022-04-13 20:51:33.616270
INFO:root:Changed MOD TO: AUTO
INFO:root:STATE: InitState current reading: 2022-04-13 20:51:33.616270 freshFalse
INFO:root:STATE: InitState current reading: 2022-04-13 20:51:33.616270 freshFalse
INFO:root:STATE: InitState current reading: 2022-04-13 20:51:33.616270 freshFalse
INFO:root:trx fromInitStatetoTimeOutState
INFO:root:STATE: TimeOutState current reading: 2022-04-13 20:51:33.616270 freshFalse
INFO:root:STATE: TimeOutState current reading: 2022-04-13 20:51:33.616270 freshFalse
INFO:root:STATE: TimeOutState current reading: 2022-04-13 20:51:33.616270 freshFalse
INFO:root:STATE: TimeOutState current reading: 2022-04-13 20:51:33.616270 freshFalse
INFO:root:STATE: TimeOutState current reading: 2022-04-13 20:51:33.616270 freshFalse
INFO:root:STATE: TimeOutState current reading: 2022-04-13 20:51:33.616270 freshFalse
INFO:root:STATE: TimeOutState current reading: 2022-04-13 20:51:33.616270 freshFalse
INFO:root:STATE: TimeOutState current reading: 2022-04-13 20:51:33.616270 freshFalse
INFO:root:STATE: TimeOutState current reading: 2022-04-13 20:51:33.616270 freshFalse
INFO:root:STATE: TimeOutState current reading: 2022-04-13 20:51:33.616270 freshFalse
INFO:root:STATE: TimeOutState current reading: 2022-04-13 20:51:33.616270 freshFalse
INFO:root:SYTSTEM:scaricashutdown
INFO:root:STREAM: update{'r_tensione': 23, 'r_carico': 18, 'r_produzione': 53, 'r_immissione': 97, 'r_boiler': 83, 'r_temperatura': 18, 'avg_temperatura': 0.6}at:2022-04-13 20:52:11.448430
INFO:root:Changed MOD TO: AUTO
INFO:root:SYTSTEM:scaricashutdown
INFO:root:STREAM: update{'r_tensione': 59, 'r_carico': 81, 'r_produzione': 99, 'r_immissione': 22, 'r_boiler': 70, 'r_temperatura': 78, 'avg_temperatura': 2.6}at:2022-04-13 21:18:45.967601
INFO:root:Changed MOD TO: AUTO
INFO:root:STATE: InitState current reading: 2022-04-13 21:18:45.967601 freshFalse
INFO:root:STATE: InitState current reading: 2022-04-13 21:18:45.967601 freshFalse
INFO:root:STATE: InitState current reading: 2022-04-13 21:18:45.967601 freshFalse
INFO:root:trx fromInitStatetoTimeOutState
INFO:root:STATE: TimeOutState current reading: 2022-04-13 21:18:45.967601 freshFalse
INFO:root:STATE: TimeOutState current reading: 2022-04-13 21:18:45.967601 freshFalse
INFO:root:STATE: TimeOutState current reading: 2022-04-13 21:18:45.967601 freshFalse
INFO:root:STATE: TimeOutState current reading: 2022-04-13 21:18:45.967601 freshFalse
INFO:root:STATE: TimeOutState current reading: 2022-04-13 21:18:45.967601 freshFalse
INFO:root:STATE: TimeOutState current reading: 2022-04-13 21:18:45.967601 freshFalse
INFO:root:STATE: TimeOutState current reading: 2022-04-13 21:18:45.967601 freshFalse
INFO:root:STATE: TimeOutState current reading: 2022-04-13 21:18:45.967601 freshFalse
INFO:root:STATE: TimeOutState current reading: 2022-04-13 21:18:45.967601 freshFalse
INFO:root:STREAM: update{'r_tensione': 79, 'r_carico': 18, 'r_produzione': 31, 'r_immissione': 88, 'r_boiler': 32, 'r_temperatura': 20, 'avg_temperatura': 3.3}at:2022-04-13 21:18:57.998428
INFO:root:STATE: TimeOutState current reading: 2022-04-13 21:18:57.998428 freshFalse
INFO:root:STATE: TimeOutState current reading: 2022-04-13 21:18:57.998428 freshFalse
INFO:root:STATE: TimeOutState current reading: 2022-04-13 21:18:57.998428 freshFalse
INFO:root:STATE: TimeOutState current reading: 2022-04-13 21:18:57.998428 freshFalse
INFO:root:STATE: TimeOutState current reading: 2022-04-13 21:18:57.998428 freshFalse
INFO:root:STREAM: update{'r_tensione': 41, 'r_carico': 79, 'r_produzione': 84, 'r_immissione': 12, 'r_boiler': 5, 'r_temperatura': 82, 'avg_temperatura': 6.0}at:2022-04-13 21:19:04.031864
INFO:root:STATE: TimeOutState current reading: 2022-04-13 21:19:04.031864 freshFalse
INFO:root:STATE: TimeOutState current reading: 2022-04-13 21:19:04.031864 freshFalse
INFO:root:STATE: TimeOutState current reading: 2022-04-13 21:19:04.031864 freshFalse
INFO:root:STATE: TimeOutState current reading: 2022-04-13 21:19:04.031864 freshFalse
INFO:root:STATE: TimeOutState current reading: 2022-04-13 21:19:04.031864 freshFalse
INFO:root:STATE: TimeOutState current reading: 2022-04-13 21:19:04.031864 freshFalse
INFO:root:STATE: TimeOutState current reading: 2022-04-13 21:19:04.031864 freshFalse
INFO:root:STATE: TimeOutState current reading: 2022-04-13 21:19:04.031864 freshFalse
INFO:root:STATE: TimeOutState current reading: 2022-04-13 21:19:04.031864 freshFalse
INFO:root:STATE: TimeOutState current reading: 2022-04-13 21:19:04.031864 freshFalse
INFO:root:STATE: TimeOutState current reading: 2022-04-13 21:19:04.031864 freshFalse
INFO:root:STATE: TimeOutState current reading: 2022-04-13 21:19:04.031864 freshFalse
INFO:root:STATE: TimeOutState current reading: 2022-04-13 21:19:04.031864 freshFalse
INFO:root:STATE: TimeOutState current reading: 2022-04-13 21:19:04.031864 freshFalse
INFO:root:STATE: TimeOutState current reading: 2022-04-13 21:19:04.031864 freshFalse
INFO:root:STREAM: update{'r_tensione': 56, 'r_carico': 47, 'r_produzione': 45, 'r_immissione': 92, 'r_boiler': 87, 'r_temperatura': 72, 'avg_temperatura': 8.4}at:2022-04-13 21:19:20.073960
INFO:root:STATE: TimeOutState current reading: 2022-04-13 21:19:20.073960 freshFalse
INFO:root:STATE: TimeOutState current reading: 2022-04-13 21:19:20.073960 freshFalse
INFO:root:STATE: TimeOutState current reading: 2022-04-13 21:19:20.073960 freshFalse
INFO:root:STATE: TimeOutState current reading: 2022-04-13 21:19:20.073960 freshFalse
INFO:root:STATE: TimeOutState current reading: 2022-04-13 21:19:20.073960 freshFalse
INFO:root:STATE: TimeOutState current reading: 2022-04-13 21:19:20.073960 freshFalse
INFO:root:STATE: TimeOutState current reading: 2022-04-13 21:19:20.073960 freshFalse
INFO:root:STATE: TimeOutState current reading: 2022-04-13 21:19:20.073960 freshFalse
INFO:root:STREAM: update{'r_tensione': 18, 'r_carico': 54, 'r_produzione': 68, 'r_immissione': 75, 'r_boiler': 12, 'r_temperatura': 84, 'avg_temperatura': 11.2}at:2022-04-13 21:19:28.131438
INFO:root:STREAM: update{'r_tensione': 88, 'r_carico': 43, 'r_produzione': 99, 'r_immissione': 52, 'r_boiler': 7, 'r_temperatura': 79, 'avg_temperatura': 13.8}at:2022-04-13 21:19:28.163353
INFO:root:STATE: TimeOutState current reading: 2022-04-13 21:19:28.163353 freshFalse
INFO:root:STATE: TimeOutState current reading: 2022-04-13 21:19:28.163353 freshFalse
INFO:root:STREAM: update{'r_tensione': 1, 'r_carico': 55, 'r_produzione': 37, 'r_immissione': 35, 'r_boiler': 76, 'r_temperatura': 12, 'avg_temperatura': 14.2}at:2022-04-13 21:19:30.208893
INFO:root:STATE: TimeOutState current reading: 2022-04-13 21:19:30.208893 freshFalse
INFO:root:STATE: TimeOutState current reading: 2022-04-13 21:19:30.208893 freshFalse
INFO:root:STATE: TimeOutState current reading: 2022-04-13 21:19:30.208893 freshFalse
INFO:root:STATE: TimeOutState current reading: 2022-04-13 21:19:30.208893 freshFalse
INFO:root:STATE: TimeOutState current reading: 2022-04-13 21:19:30.208893 freshFalse
INFO:root:STATE: TimeOutState current reading: 2022-04-13 21:19:30.208893 freshFalse
INFO:root:STATE: TimeOutState current reading: 2022-04-13 21:19:30.208893 freshFalse
INFO:root:STATE: TimeOutState current reading: 2022-04-13 21:19:30.208893 freshFalse
INFO:root:STATE: TimeOutState current reading: 2022-04-13 21:19:30.208893 freshFalse
INFO:root:STATE: TimeOutState current reading: 2022-04-13 21:19:30.208893 freshFalse
INFO:root:STATE: TimeOutState current reading: 2022-04-13 21:19:30.208893 freshFalse
INFO:root:STATE: TimeOutState current reading: 2022-04-13 21:19:30.208893 freshFalse
INFO:root:STATE: TimeOutState current reading: 2022-04-13 21:19:30.208893 freshFalse
INFO:root:STATE: TimeOutState current reading: 2022-04-13 21:19:30.208893 freshFalse
INFO:root:STATE: TimeOutState current reading: 2022-04-13 21:19:30.208893 freshFalse
INFO:root:STATE: TimeOutState current reading: 2022-04-13 21:19:30.208893 freshFalse
INFO:root:STATE: TimeOutState current reading: 2022-04-13 21:19:30.208893 freshFalse
INFO:root:STATE: TimeOutState current reading: 2022-04-13 21:19:30.208893 freshFalse
INFO:root:STATE: TimeOutState current reading: 2022-04-13 21:19:30.208893 freshFalse
INFO:root:STREAM: update{'r_tensione': 37, 'r_carico': 76, 'r_produzione': 78, 'r_immissione': 58, 'r_boiler': 19, 'r_temperatura': 37, 'avg_temperatura': 15.5}at:2022-04-13 21:19:50.287532
INFO:root:STATE: TimeOutState current reading: 2022-04-13 21:19:50.287532 freshFalse
INFO:root:STATE: TimeOutState current reading: 2022-04-13 21:19:50.287532 freshFalse
INFO:root:STATE: TimeOutState current reading: 2022-04-13 21:19:50.287532 freshFalse
INFO:root:STATE: TimeOutState current reading: 2022-04-13 21:19:50.287532 freshFalse
INFO:root:STATE: TimeOutState current reading: 2022-04-13 21:19:50.287532 freshFalse
INFO:root:STATE: TimeOutState current reading: 2022-04-13 21:19:50.287532 freshFalse
INFO:root:STATE: TimeOutState current reading: 2022-04-13 21:19:50.287532 freshFalse
INFO:root:STATE: TimeOutState current reading: 2022-04-13 21:19:50.287532 freshFalse
INFO:root:STATE: TimeOutState current reading: 2022-04-13 21:19:50.287532 freshFalse
INFO:root:STATE: TimeOutState current reading: 2022-04-13 21:19:50.287532 freshFalse
INFO:root:STATE: TimeOutState current reading: 2022-04-13 21:19:50.287532 freshFalse
INFO:root:STATE: TimeOutState current reading: 2022-04-13 21:19:50.287532 freshFalse
INFO:root:STATE: TimeOutState current reading: 2022-04-13 21:19:50.287532 freshFalse
INFO:root:STATE: TimeOutState current reading: 2022-04-13 21:19:50.287532 freshFalse
INFO:root:STATE: TimeOutState current reading: 2022-04-13 21:19:50.287532 freshFalse
INFO:root:STATE: TimeOutState current reading: 2022-04-13 21:19:50.287532 freshFalse
INFO:root:STREAM: update{'r_tensione': 47, 'r_carico': 5, 'r_produzione': 67, 'r_immissione': 13, 'r_boiler': 53, 'r_temperatura': 67, 'avg_temperatura': 17.7}at:2022-04-13 21:20:08.384166
INFO:root:STATE: TimeOutState current reading: 2022-04-13 21:20:08.384166 freshFalse
INFO:root:STATE: TimeOutState current reading: 2022-04-13 21:20:08.384166 freshFalse
INFO:root:STATE: TimeOutState current reading: 2022-04-13 21:20:08.384166 freshFalse
INFO:root:STATE: TimeOutState current reading: 2022-04-13 21:20:08.384166 freshFalse
INFO:root:STATE: TimeOutState current reading: 2022-04-13 21:20:08.384166 freshFalse
INFO:root:STATE: TimeOutState current reading: 2022-04-13 21:20:08.384166 freshFalse
INFO:root:STATE: TimeOutState current reading: 2022-04-13 21:20:08.384166 freshFalse
INFO:root:STATE: TimeOutState current reading: 2022-04-13 21:20:08.384166 freshFalse
INFO:root:SYTSTEM:scaricashutdown
INFO:root:STREAM: update{'r_tensione': 56, 'r_carico': 20, 'r_produzione': 37, 'r_immissione': 78, 'r_boiler': 44, 'r_temperatura': 38, 'avg_temperatura': 1.3}at:2022-04-13 21:21:19.662502
INFO:root:Changed MOD TO: AUTO
INFO:root:STATE: InitState current reading: 2022-04-13 21:21:19.662502 freshTrue
INFO:root:STATE: InitState current reading: 2022-04-13 21:21:19.662502 freshFalse
INFO:root:STATE: InitState current reading: 2022-04-13 21:21:19.662502 freshFalse
INFO:root:trx fromInitStatetoTimeOutState
INFO:root:STATE: TimeOutState current reading: 2022-04-13 21:21:19.662502 freshFalse
INFO:root:STATE: TimeOutState current reading: 2022-04-13 21:21:19.662502 freshFalse
INFO:root:SYTSTEM:scaricashutdown
INFO:root:STREAM: update{'r_tensione': 52, 'r_carico': 46, 'r_produzione': 78, 'r_immissione': 25, 'r_boiler': 38, 'r_temperatura': 19, 'avg_temperatura': 0.6}at:2022-04-13 21:21:45.332686
INFO:root:Changed MOD TO: AUTO
INFO:root:STATE: InitState current reading: 2022-04-13 21:21:45.332686 freshTrue
INFO:root:STATE: InitState current reading: 2022-04-13 21:21:45.332686 freshFalse
INFO:root:STATE: InitState current reading: 2022-04-13 21:21:45.332686 freshFalse
INFO:root:trx fromInitStatetoTimeOutState
INFO:root:STATE: TimeOutState current reading: 2022-04-13 21:21:45.332686 freshFalse
INFO:root:STREAM: update{'r_tensione': 34, 'r_carico': 18, 'r_produzione': 30, 'r_immissione': 40, 'r_boiler': 22, 'r_temperatura': 53, 'avg_temperatura': 2.4}at:2022-04-13 21:21:49.355925
INFO:root:STATE: TimeOutState current reading: 2022-04-13 21:21:49.355925 freshTrue
INFO:root:STATE: TimeOutState current reading: 2022-04-13 21:21:49.355925 freshFalse
INFO:root:STATE: TimeOutState current reading: 2022-04-13 21:21:49.355925 freshFalse
INFO:root:STATE: TimeOutState current reading: 2022-04-13 21:21:49.355925 freshFalse
INFO:root:STATE: TimeOutState current reading: 2022-04-13 21:21:49.355925 freshFalse
INFO:root:STATE: TimeOutState current reading: 2022-04-13 21:21:49.355925 freshFalse
INFO:root:STATE: TimeOutState current reading: 2022-04-13 21:21:49.355925 freshFalse
INFO:root:STATE: TimeOutState current reading: 2022-04-13 21:21:49.355925 freshFalse
INFO:root:STREAM: update{'r_tensione': 53, 'r_carico': 14, 'r_produzione': 20, 'r_immissione': 68, 'r_boiler': 20, 'r_temperatura': 91, 'avg_temperatura': 5.4}at:2022-04-13 21:21:57.418396
INFO:root:STATE: TimeOutState current reading: 2022-04-13 21:21:57.418396 freshTrue
INFO:root:STATE: TimeOutState current reading: 2022-04-13 21:21:57.418396 freshFalse
INFO:root:STREAM: update{'r_tensione': 71, 'r_carico': 46, 'r_produzione': 81, 'r_immissione': 93, 'r_boiler': 50, 'r_temperatura': 45, 'avg_temperatura': 6.9}at:2022-04-13 21:21:59.475863
INFO:root:STATE: TimeOutState current reading: 2022-04-13 21:21:59.475863 freshTrue
INFO:root:STATE: TimeOutState current reading: 2022-04-13 21:21:59.475863 freshFalse
INFO:root:STATE: TimeOutState current reading: 2022-04-13 21:21:59.475863 freshFalse
INFO:root:STATE: TimeOutState current reading: 2022-04-13 21:21:59.475863 freshFalse
INFO:root:STATE: TimeOutState current reading: 2022-04-13 21:21:59.475863 freshFalse
INFO:root:STATE: TimeOutState current reading: 2022-04-13 21:21:59.475863 freshFalse
INFO:root:STREAM: update{'r_tensione': 47, 'r_carico': 67, 'r_produzione': 25, 'r_immissione': 47, 'r_boiler': 29, 'r_temperatura': 61, 'avg_temperatura': 9.0}at:2022-04-13 21:22:05.536679
INFO:root:STATE: TimeOutState current reading: 2022-04-13 21:22:05.536679 freshTrue
INFO:root:STATE: TimeOutState current reading: 2022-04-13 21:22:05.536679 freshFalse
INFO:root:STATE: TimeOutState current reading: 2022-04-13 21:22:05.536679 freshFalse
INFO:root:STATE: TimeOutState current reading: 2022-04-13 21:22:05.536679 freshFalse
INFO:root:STATE: TimeOutState current reading: 2022-04-13 21:22:05.536679 freshFalse
INFO:root:SYTSTEM:scaricashutdown
INFO:root:STREAM: update{'r_tensione': 41, 'r_carico': 19, 'r_produzione': 63, 'r_immissione': 53, 'r_boiler': 30, 'r_temperatura': 99, 'avg_temperatura': 3.3}at:2022-04-13 21:22:26.014532
INFO:root:Changed MOD TO: AUTO
INFO:root:STATE: InitState current reading: 2022-04-13 21:22:26.014532 fresh: True
INFO:root:STATE: InitState current reading: 2022-04-13 21:22:26.014532 fresh: False
INFO:root:STATE: InitState current reading: 2022-04-13 21:22:26.014532 fresh: False
INFO:root:trx fromInitStatetoTimeOutState
INFO:root:STATE: TimeOutState current reading: 2022-04-13 21:22:26.014532 fresh: False
INFO:root:STATE: TimeOutState current reading: 2022-04-13 21:22:26.014532 fresh: False
INFO:root:STATE: TimeOutState current reading: 2022-04-13 21:22:26.014532 fresh: False
INFO:root:STATE: TimeOutState current reading: 2022-04-13 21:22:26.014532 fresh: False
INFO:root:STATE: TimeOutState current reading: 2022-04-13 21:22:26.014532 fresh: False
INFO:root:STREAM: update{'r_tensione': 83, 'r_carico': 12, 'r_produzione': 96, 'r_immissione': 24, 'r_boiler': 93, 'r_temperatura': 57, 'avg_temperatura': 5.2}at:2022-04-13 21:22:34.041091
INFO:root:STATE: TimeOutState current reading: 2022-04-13 21:22:34.041091 fresh: True
INFO:root:STATE: TimeOutState current reading: 2022-04-13 21:22:34.041091 fresh: False
INFO:root:STATE: TimeOutState current reading: 2022-04-13 21:22:34.041091 fresh: False
INFO:root:STATE: TimeOutState current reading: 2022-04-13 21:22:34.041091 fresh: False
INFO:root:STATE: TimeOutState current reading: 2022-04-13 21:22:34.041091 fresh: False
INFO:root:STATE: TimeOutState current reading: 2022-04-13 21:22:34.041091 fresh: False
INFO:root:STATE: TimeOutState current reading: 2022-04-13 21:22:34.041091 fresh: False
INFO:root:STATE: TimeOutState current reading: 2022-04-13 21:22:34.041091 fresh: False
INFO:root:STATE: TimeOutState current reading: 2022-04-13 21:22:34.041091 fresh: False
INFO:root:STATE: TimeOutState current reading: 2022-04-13 21:22:34.041091 fresh: False
INFO:root:STREAM: update{'r_tensione': 88, 'r_carico': 38, 'r_produzione': 72, 'r_immissione': 79, 'r_boiler': 48, 'r_temperatura': 28, 'avg_temperatura': 6.1}at:2022-04-13 21:22:44.093254
INFO:root:STATE: TimeOutState current reading: 2022-04-13 21:22:44.093254 fresh: True
INFO:root:STATE: TimeOutState current reading: 2022-04-13 21:22:44.093254 fresh: False
INFO:root:STATE: TimeOutState current reading: 2022-04-13 21:22:44.093254 fresh: False
INFO:root:STREAM: update{'r_tensione': 3, 'r_carico': 62, 'r_produzione': 63, 'r_immissione': 77, 'r_boiler': 49, 'r_temperatura': 0, 'avg_temperatura': 6.1}at:2022-04-13 21:22:48.152363
INFO:root:STATE: TimeOutState current reading: 2022-04-13 21:22:48.152363 fresh: True
INFO:root:STATE: TimeOutState current reading: 2022-04-13 21:22:48.152363 fresh: False
INFO:root:STATE: TimeOutState current reading: 2022-04-13 21:22:48.152363 fresh: False
INFO:root:STATE: TimeOutState current reading: 2022-04-13 21:22:48.152363 fresh: False
INFO:root:STATE: TimeOutState current reading: 2022-04-13 21:22:48.152363 fresh: False
INFO:root:STATE: TimeOutState current reading: 2022-04-13 21:22:48.152363 fresh: False
INFO:root:STREAM: update{'r_tensione': 86, 'r_carico': 98, 'r_produzione': 5, 'r_immissione': 61, 'r_boiler': 86, 'r_temperatura': 24, 'avg_temperatura': 6.9}at:2022-04-13 21:22:54.212158
INFO:root:SYTSTEM:scaricashutdown
INFO:root:STREAM: update{'r_tensione': 70, 'r_carico': 1, 'r_produzione': 24, 'r_immissione': 56, 'r_boiler': 27, 'r_temperatura': 46, 'avg_temperatura': 1.5}at:2022-04-13 21:23:24.178279
INFO:root:Changed MOD TO: AUTO
INFO:root:STREAM: update{'r_tensione': 3, 'r_carico': 10, 'r_produzione': 70, 'r_immissione': 1, 'r_boiler': 18, 'r_temperatura': 10, 'avg_temperatura': 1.9}at:2022-04-13 21:23:28.204578
INFO:root:STREAM: update{'r_tensione': 35, 'r_carico': 41, 'r_produzione': 62, 'r_immissione': 0, 'r_boiler': 47, 'r_temperatura': 45, 'avg_temperatura': 3.4}at:2022-04-13 21:23:28.220502
INFO:root:STREAM: update{'r_tensione': 63, 'r_carico': 0, 'r_produzione': 76, 'r_immissione': 67, 'r_boiler': 75, 'r_temperatura': 54, 'avg_temperatura': 5.2}at:2022-04-13 21:23:36.268015
INFO:root:SYTSTEM:scaricashutdown
INFO:root:STREAM: update{'r_tensione': 66, 'r_carico': 8, 'r_produzione': 64, 'r_immissione': 10, 'r_boiler': 38, 'r_temperatura': 73, 'avg_temperatura': 2.4}at:2022-04-13 21:23:49.227996
INFO:root:Changed MOD TO: AUTO
INFO:root:STATE: InitStatenow:2022-04-13 21:23:49.242581 current reading: 2022-04-13 21:23:49.227996 fresh: True
INFO:root:STATE: InitStatenow:2022-04-13 21:23:50.291804 current reading: 2022-04-13 21:23:49.227996 fresh: False
INFO:root:STATE: InitStatenow:2022-04-13 21:23:51.346991 current reading: 2022-04-13 21:23:49.227996 fresh: False
INFO:root:trx fromInitStatetoTimeOutState
INFO:root:STATE: TimeOutStatenow:2022-04-13 21:23:52.436113 current reading: 2022-04-13 21:23:49.227996 fresh: False
INFO:root:STATE: TimeOutStatenow:2022-04-13 21:23:53.495277 current reading: 2022-04-13 21:23:49.227996 fresh: False
INFO:root:STATE: TimeOutStatenow:2022-04-13 21:23:54.556439 current reading: 2022-04-13 21:23:49.227996 fresh: False
INFO:root:STATE: TimeOutStatenow:2022-04-13 21:23:55.614611 current reading: 2022-04-13 21:23:49.227996 fresh: False
INFO:root:STATE: TimeOutStatenow:2022-04-13 21:23:56.671749 current reading: 2022-04-13 21:23:49.227996 fresh: False
INFO:root:STATE: TimeOutStatenow:2022-04-13 21:23:57.729920 current reading: 2022-04-13 21:23:49.227996 fresh: False
INFO:root:STATE: TimeOutStatenow:2022-04-13 21:23:58.788090 current reading: 2022-04-13 21:23:49.227996 fresh: False
INFO:root:STATE: TimeOutStatenow:2022-04-13 21:23:59.823348 current reading: 2022-04-13 21:23:49.227996 fresh: False
INFO:root:STATE: TimeOutStatenow:2022-04-13 21:24:00.879529 current reading: 2022-04-13 21:23:49.227996 fresh: False
INFO:root:STATE: TimeOutStatenow:2022-04-13 21:24:01.937700 current reading: 2022-04-13 21:23:49.227996 fresh: False
INFO:root:STATE: TimeOutStatenow:2022-04-13 21:24:02.995871 current reading: 2022-04-13 21:23:49.227996 fresh: False
INFO:root:STREAM: update{'r_tensione': 41, 'r_carico': 32, 'r_produzione': 23, 'r_immissione': 44, 'r_boiler': 33, 'r_temperatura': 29, 'avg_temperatura': 3.4}at:2022-04-13 21:24:03.246200
INFO:root:STATE: TimeOutStatenow:2022-04-13 21:24:04.056002 current reading: 2022-04-13 21:24:03.246200 fresh: True
INFO:root:STATE: TimeOutStatenow:2022-04-13 21:24:05.117190 current reading: 2022-04-13 21:24:03.246200 fresh: False
INFO:root:STATE: TimeOutStatenow:2022-04-13 21:24:06.174337 current reading: 2022-04-13 21:24:03.246200 fresh: False
INFO:root:STATE: TimeOutStatenow:2022-04-13 21:24:07.234528 current reading: 2022-04-13 21:24:03.246200 fresh: False
INFO:root:STATE: TimeOutStatenow:2022-04-13 21:24:08.293668 current reading: 2022-04-13 21:24:03.246200 fresh: False
INFO:root:STATE: TimeOutStatenow:2022-04-13 21:24:09.354858 current reading: 2022-04-13 21:24:03.246200 fresh: False
INFO:root:STATE: TimeOutStatenow:2022-04-13 21:24:10.416991 current reading: 2022-04-13 21:24:03.246200 fresh: False
INFO:root:STATE: TimeOutStatenow:2022-04-13 21:24:11.456211 current reading: 2022-04-13 21:24:03.246200 fresh: False
INFO:root:STATE: TimeOutStatenow:2022-04-13 21:24:12.505438 current reading: 2022-04-13 21:24:03.246200 fresh: False
INFO:root:STATE: TimeOutStatenow:2022-04-13 21:24:13.564573 current reading: 2022-04-13 21:24:03.246200 fresh: False
INFO:root:STATE: TimeOutStatenow:2022-04-13 21:24:14.625768 current reading: 2022-04-13 21:24:03.246200 fresh: False
INFO:root:STATE: TimeOutStatenow:2022-04-13 21:24:15.686930 current reading: 2022-04-13 21:24:03.246200 fresh: False
INFO:root:STATE: TimeOutStatenow:2022-04-13 21:24:16.750086 current reading: 2022-04-13 21:24:03.246200 fresh: False
INFO:root:STREAM: update{'r_tensione': 0, 'r_carico': 53, 'r_produzione': 59, 'r_immissione': 61, 'r_boiler': 9, 'r_temperatura': 82, 'avg_temperatura': 6.1}at:2022-04-13 21:24:17.307563
INFO:root:STATE: TimeOutStatenow:2022-04-13 21:24:17.801243 current reading: 2022-04-13 21:24:17.307563 fresh: True
INFO:root:STATE: TimeOutStatenow:2022-04-13 21:24:18.864431 current reading: 2022-04-13 21:24:17.307563 fresh: False
INFO:root:STATE: TimeOutStatenow:2022-04-13 21:24:19.924593 current reading: 2022-04-13 21:24:17.307563 fresh: False
INFO:root:STATE: TimeOutStatenow:2022-04-13 21:24:20.971796 current reading: 2022-04-13 21:24:17.307563 fresh: False
INFO:root:STATE: TimeOutStatenow:2022-04-13 21:24:22.036136 current reading: 2022-04-13 21:24:17.307563 fresh: False
INFO:root:STATE: TimeOutStatenow:2022-04-13 21:24:23.095302 current reading: 2022-04-13 21:24:17.307563 fresh: False
INFO:root:STATE: TimeOutStatenow:2022-04-13 21:24:24.155468 current reading: 2022-04-13 21:24:17.307563 fresh: False
INFO:root:STATE: TimeOutStatenow:2022-04-13 21:24:25.216662 current reading: 2022-04-13 21:24:17.307563 fresh: False
INFO:root:STATE: TimeOutStatenow:2022-04-13 21:24:26.267851 current reading: 2022-04-13 21:24:17.307563 fresh: False
INFO:root:STATE: TimeOutStatenow:2022-04-13 21:24:27.329014 current reading: 2022-04-13 21:24:17.307563 fresh: False
INFO:root:STATE: TimeOutStatenow:2022-04-13 21:24:28.379204 current reading: 2022-04-13 21:24:17.307563 fresh: False
INFO:root:STATE: TimeOutStatenow:2022-04-13 21:24:29.423380 current reading: 2022-04-13 21:24:17.307563 fresh: False
INFO:root:STATE: TimeOutStatenow:2022-04-13 21:24:30.471609 current reading: 2022-04-13 21:24:17.307563 fresh: False
INFO:root:STREAM: update{'r_tensione': 84, 'r_carico': 48, 'r_produzione': 86, 'r_immissione': 68, 'r_boiler': 37, 'r_temperatura': 45, 'avg_temperatura': 7.6}at:2022-04-13 21:24:31.363192
INFO:root:STATE: TimeOutStatenow:2022-04-13 21:24:31.522792 current reading: 2022-04-13 21:24:31.363192 fresh: True
INFO:root:STATE: TimeOutStatenow:2022-04-13 21:24:32.569997 current reading: 2022-04-13 21:24:31.363192 fresh: False
INFO:root:STATE: TimeOutStatenow:2022-04-13 21:24:33.627139 current reading: 2022-04-13 21:24:31.363192 fresh: False
INFO:root:STATE: TimeOutStatenow:2022-04-13 21:24:34.689330 current reading: 2022-04-13 21:24:31.363192 fresh: False
INFO:root:STATE: TimeOutStatenow:2022-04-13 21:24:35.752453 current reading: 2022-04-13 21:24:31.363192 fresh: False
INFO:root:STATE: TimeOutStatenow:2022-04-13 21:24:36.789680 current reading: 2022-04-13 21:24:31.363192 fresh: False
INFO:root:STATE: TimeOutStatenow:2022-04-13 21:24:37.838002 current reading: 2022-04-13 21:24:31.363192 fresh: False
INFO:root:STATE: TimeOutStatenow:2022-04-13 21:24:38.900197 current reading: 2022-04-13 21:24:31.363192 fresh: False
INFO:root:STATE: TimeOutStatenow:2022-04-13 21:24:39.935394 current reading: 2022-04-13 21:24:31.363192 fresh: False
INFO:root:STATE: TimeOutStatenow:2022-04-13 21:24:40.996558 current reading: 2022-04-13 21:24:31.363192 fresh: False
INFO:root:STATE: TimeOutStatenow:2022-04-13 21:24:42.055724 current reading: 2022-04-13 21:24:31.363192 fresh: False
INFO:root:STATE: TimeOutStatenow:2022-04-13 21:24:43.103954 current reading: 2022-04-13 21:24:31.363192 fresh: False
INFO:root:STATE: TimeOutStatenow:2022-04-13 21:24:44.163089 current reading: 2022-04-13 21:24:31.363192 fresh: False
INFO:root:STATE: TimeOutStatenow:2022-04-13 21:24:45.222259 current reading: 2022-04-13 21:24:31.363192 fresh: False
INFO:root:STATE: TimeOutStatenow:2022-04-13 21:24:46.270486 current reading: 2022-04-13 21:24:31.363192 fresh: False
INFO:root:STATE: TimeOutStatenow:2022-04-13 21:24:47.317659 current reading: 2022-04-13 21:24:31.363192 fresh: False
INFO:root:STATE: TimeOutStatenow:2022-04-13 21:24:48.379811 current reading: 2022-04-13 21:24:31.363192 fresh: False
INFO:root:STATE: TimeOutStatenow:2022-04-13 21:24:49.440974 current reading: 2022-04-13 21:24:31.363192 fresh: False
INFO:root:STATE: TimeOutStatenow:2022-04-13 21:24:50.498150 current reading: 2022-04-13 21:24:31.363192 fresh: False
INFO:root:STREAM: update{'r_tensione': 27, 'r_carico': 10, 'r_produzione': 98, 'r_immissione': 84, 'r_boiler': 71, 'r_temperatura': 86, 'avg_temperatura': 10.5}at:2022-04-13 21:24:51.414723
INFO:root:STATE: TimeOutStatenow:2022-04-13 21:24:51.557342 current reading: 2022-04-13 21:24:51.414723 fresh: True
INFO:root:STATE: TimeOutStatenow:2022-04-13 21:24:52.615490 current reading: 2022-04-13 21:24:51.414723 fresh: False
INFO:root:STATE: TimeOutStatenow:2022-04-13 21:24:53.666706 current reading: 2022-04-13 21:24:51.414723 fresh: False
INFO:root:STATE: TimeOutStatenow:2022-04-13 21:24:54.726837 current reading: 2022-04-13 21:24:51.414723 fresh: False
INFO:root:STATE: TimeOutStatenow:2022-04-13 21:24:55.775067 current reading: 2022-04-13 21:24:51.414723 fresh: False
INFO:root:STATE: TimeOutStatenow:2022-04-13 21:24:56.831210 current reading: 2022-04-13 21:24:51.414723 fresh: False
INFO:root:STATE: TimeOutStatenow:2022-04-13 21:24:57.877439 current reading: 2022-04-13 21:24:51.414723 fresh: False
INFO:root:STATE: TimeOutStatenow:2022-04-13 21:24:58.939572 current reading: 2022-04-13 21:24:51.414723 fresh: False
INFO:root:STATE: TimeOutStatenow:2022-04-13 21:24:59.990801 current reading: 2022-04-13 21:24:51.414723 fresh: False
INFO:root:STATE: TimeOutStatenow:2022-04-13 21:25:01.042979 current reading: 2022-04-13 21:24:51.414723 fresh: False
INFO:root:STATE: TimeOutStatenow:2022-04-13 21:25:02.102147 current reading: 2022-04-13 21:24:51.414723 fresh: False
INFO:root:STATE: TimeOutStatenow:2022-04-13 21:25:03.157291 current reading: 2022-04-13 21:24:51.414723 fresh: False
INFO:root:STATE: TimeOutStatenow:2022-04-13 21:25:04.217491 current reading: 2022-04-13 21:24:51.414723 fresh: False
INFO:root:STATE: TimeOutStatenow:2022-04-13 21:25:05.264683 current reading: 2022-04-13 21:24:51.414723 fresh: False
INFO:root:STATE: TimeOutStatenow:2022-04-13 21:25:06.324849 current reading: 2022-04-13 21:24:51.414723 fresh: False
INFO:root:STATE: TimeOutStatenow:2022-04-13 21:25:07.373017 current reading: 2022-04-13 21:24:51.414723 fresh: False
INFO:root:STATE: TimeOutStatenow:2022-04-13 21:25:08.436175 current reading: 2022-04-13 21:24:51.414723 fresh: False
INFO:root:STREAM: update{'r_tensione': 56, 'r_carico': 82, 'r_produzione': 57, 'r_immissione': 20, 'r_boiler': 8, 'r_temperatura': 61, 'avg_temperatura': 12.5}at:2022-04-13 21:25:09.466419
INFO:root:STATE: TimeOutStatenow:2022-04-13 21:25:09.514324 current reading: 2022-04-13 21:25:09.466419 fresh: True
INFO:root:STATE: TimeOutStatenow:2022-04-13 21:25:10.559497 current reading: 2022-04-13 21:25:09.466419 fresh: False
INFO:root:STATE: TimeOutStatenow:2022-04-13 21:25:11.609688 current reading: 2022-04-13 21:25:09.466419 fresh: False
INFO:root:STATE: TimeOutStatenow:2022-04-13 21:25:12.661874 current reading: 2022-04-13 21:25:09.466419 fresh: False
INFO:root:STREAM: update{'r_tensione': 52, 'r_carico': 17, 'r_produzione': 68, 'r_immissione': 53, 'r_boiler': 8, 'r_temperatura': 15, 'avg_temperatura': 13.0}at:2022-04-13 21:25:13.512599
INFO:root:STATE: TimeOutStatenow:2022-04-13 21:25:13.704116 current reading: 2022-04-13 21:25:13.512599 fresh: True
INFO:root:STATE: TimeOutStatenow:2022-04-13 21:25:14.757310 current reading: 2022-04-13 21:25:13.512599 fresh: False
INFO:root:STATE: TimeOutStatenow:2022-04-13 21:25:15.816445 current reading: 2022-04-13 21:25:13.512599 fresh: False
INFO:root:STATE: TimeOutStatenow:2022-04-13 21:25:16.873610 current reading: 2022-04-13 21:25:13.512599 fresh: False
INFO:root:STATE: TimeOutStatenow:2022-04-13 21:25:17.931780 current reading: 2022-04-13 21:25:13.512599 fresh: False
INFO:root:STATE: TimeOutStatenow:2022-04-13 21:25:18.988980 current reading: 2022-04-13 21:25:13.512599 fresh: False
INFO:root:STATE: TimeOutStatenow:2022-04-13 21:25:20.046126 current reading: 2022-04-13 21:25:13.512599 fresh: False
INFO:root:STATE: TimeOutStatenow:2022-04-13 21:25:21.105294 current reading: 2022-04-13 21:25:13.512599 fresh: False
INFO:root:STATE: TimeOutStatenow:2022-04-13 21:25:22.138536 current reading: 2022-04-13 21:25:13.512599 fresh: False
INFO:root:STATE: TimeOutStatenow:2022-04-13 21:25:23.193708 current reading: 2022-04-13 21:25:13.512599 fresh: False
INFO:root:STATE: TimeOutStatenow:2022-04-13 21:25:24.248886 current reading: 2022-04-13 21:25:13.512599 fresh: False
INFO:root:STATE: TimeOutStatenow:2022-04-13 21:25:25.303099 current reading: 2022-04-13 21:25:13.512599 fresh: False
INFO:root:STATE: TimeOutStatenow:2022-04-13 21:25:26.347302 current reading: 2022-04-13 21:25:13.512599 fresh: False
INFO:root:STATE: TimeOutStatenow:2022-04-13 21:25:27.410431 current reading: 2022-04-13 21:25:13.512599 fresh: False
INFO:root:STATE: TimeOutStatenow:2022-04-13 21:25:28.459664 current reading: 2022-04-13 21:25:13.512599 fresh: False
INFO:root:STATE: TimeOutStatenow:2022-04-13 21:25:29.507849 current reading: 2022-04-13 21:25:13.512599 fresh: False
INFO:root:STATE: TimeOutStatenow:2022-04-13 21:25:30.552162 current reading: 2022-04-13 21:25:13.512599 fresh: False
INFO:root:STREAM: update{'r_tensione': 2, 'r_carico': 13, 'r_produzione': 50, 'r_immissione': 36, 'r_boiler': 56, 'r_temperatura': 62, 'avg_temperatura': 15.1}at:2022-04-13 21:25:31.562462
INFO:root:STATE: TimeOutStatenow:2022-04-13 21:25:31.625295 current reading: 2022-04-13 21:25:31.562462 fresh: True
INFO:root:STATE: TimeOutStatenow:2022-04-13 21:25:32.687455 current reading: 2022-04-13 21:25:31.562462 fresh: False
INFO:root:STATE: TimeOutStatenow:2022-04-13 21:25:33.745626 current reading: 2022-04-13 21:25:31.562462 fresh: False
INFO:root:STATE: TimeOutStatenow:2022-04-13 21:25:34.799833 current reading: 2022-04-13 21:25:31.562462 fresh: False
INFO:root:STATE: TimeOutStatenow:2022-04-13 21:25:35.853989 current reading: 2022-04-13 21:25:31.562462 fresh: False
INFO:root:STATE: TimeOutStatenow:2022-04-13 21:25:36.889250 current reading: 2022-04-13 21:25:31.562462 fresh: False
INFO:root:STATE: TimeOutStatenow:2022-04-13 21:25:37.950412 current reading: 2022-04-13 21:25:31.562462 fresh: False
INFO:root:STATE: TimeOutStatenow:2022-04-13 21:25:39.009547 current reading: 2022-04-13 21:25:31.562462 fresh: False
INFO:root:STATE: TimeOutStatenow:2022-04-13 21:25:40.064761 current reading: 2022-04-13 21:25:31.562462 fresh: False
INFO:root:STATE: TimeOutStatenow:2022-04-13 21:25:41.116939 current reading: 2022-04-13 21:25:31.562462 fresh: False
INFO:root:STATE: TimeOutStatenow:2022-04-13 21:25:42.173119 current reading: 2022-04-13 21:25:31.562462 fresh: False
INFO:root:STATE: TimeOutStatenow:2022-04-13 21:25:43.214335 current reading: 2022-04-13 21:25:31.562462 fresh: False
INFO:root:STATE: TimeOutStatenow:2022-04-13 21:25:44.272472 current reading: 2022-04-13 21:25:31.562462 fresh: False
INFO:root:STATE: TimeOutStatenow:2022-04-13 21:25:45.324685 current reading: 2022-04-13 21:25:31.562462 fresh: False
INFO:root:STATE: TimeOutStatenow:2022-04-13 21:25:46.382020 current reading: 2022-04-13 21:25:31.562462 fresh: False
INFO:root:STATE: TimeOutStatenow:2022-04-13 21:25:47.443151 current reading: 2022-04-13 21:25:31.562462 fresh: False
INFO:root:STREAM: update{'r_tensione': 73, 'r_carico': 43, 'r_produzione': 56, 'r_immissione': 98, 'r_boiler': 79, 'r_temperatura': 36, 'avg_temperatura': 16.3}at:2022-04-13 21:25:47.615688
INFO:root:STATE: TimeOutStatenow:2022-04-13 21:25:48.501357 current reading: 2022-04-13 21:25:47.615688 fresh: True
INFO:root:STATE: TimeOutStatenow:2022-04-13 21:25:49.545527 current reading: 2022-04-13 21:25:47.615688 fresh: False
INFO:root:STATE: TimeOutStatenow:2022-04-13 21:25:50.587773 current reading: 2022-04-13 21:25:47.615688 fresh: False
INFO:root:STATE: TimeOutStatenow:2022-04-13 21:25:51.645946 current reading: 2022-04-13 21:25:47.615688 fresh: False
INFO:root:STATE: TimeOutStatenow:2022-04-13 21:25:52.705078 current reading: 2022-04-13 21:25:47.615688 fresh: False
INFO:root:STATE: TimeOutStatenow:2022-04-13 21:25:53.767270 current reading: 2022-04-13 21:25:47.615688 fresh: False
INFO:root:STATE: TimeOutStatenow:2022-04-13 21:25:54.815432 current reading: 2022-04-13 21:25:47.615688 fresh: False
INFO:root:STATE: TimeOutStatenow:2022-04-13 21:25:55.878602 current reading: 2022-04-13 21:25:47.615688 fresh: False
INFO:root:STATE: TimeOutStatenow:2022-04-13 21:25:56.954745 current reading: 2022-04-13 21:25:47.615688 fresh: False
INFO:root:STATE: TimeOutStatenow:2022-04-13 21:25:58.013918 current reading: 2022-04-13 21:25:47.615688 fresh: False
INFO:root:STATE: TimeOutStatenow:2022-04-13 21:25:59.075041 current reading: 2022-04-13 21:25:47.615688 fresh: False
INFO:root:STATE: TimeOutStatenow:2022-04-13 21:26:00.137234 current reading: 2022-04-13 21:25:47.615688 fresh: False
INFO:root:STATE: TimeOutStatenow:2022-04-13 21:26:01.187393 current reading: 2022-04-13 21:25:47.615688 fresh: False
INFO:root:STREAM: update{'r_tensione': 51, 'r_carico': 67, 'r_produzione': 44, 'r_immissione': 72, 'r_boiler': 73, 'r_temperatura': 78, 'avg_temperatura': 18.9}at:2022-04-13 21:26:01.675087
INFO:root:STATE: TimeOutStatenow:2022-04-13 21:26:02.243601 current reading: 2022-04-13 21:26:01.675087 fresh: True
INFO:root:STATE: TimeOutStatenow:2022-04-13 21:26:03.293792 current reading: 2022-04-13 21:26:01.675087 fresh: False
INFO:root:STATE: TimeOutStatenow:2022-04-13 21:26:04.350974 current reading: 2022-04-13 21:26:01.675087 fresh: False
INFO:root:STATE: TimeOutStatenow:2022-04-13 21:26:05.400159 current reading: 2022-04-13 21:26:01.675087 fresh: False
INFO:root:STATE: TimeOutStatenow:2022-04-13 21:26:06.433363 current reading: 2022-04-13 21:26:01.675087 fresh: False
INFO:root:STATE: TimeOutStatenow:2022-04-13 21:26:07.480561 current reading: 2022-04-13 21:26:01.675087 fresh: False
INFO:root:STREAM: update{'r_tensione': 64, 'r_carico': 31, 'r_produzione': 75, 'r_immissione': 33, 'r_boiler': 19, 'r_temperatura': 81, 'avg_temperatura': 21.6}at:2022-04-13 21:26:07.732915
INFO:root:STATE: TimeOutStatenow:2022-04-13 21:26:08.541758 current reading: 2022-04-13 21:26:07.732915 fresh: True
INFO:root:STATE: TimeOutStatenow:2022-04-13 21:26:09.601922 current reading: 2022-04-13 21:26:07.732915 fresh: False
INFO:root:STATE: TimeOutStatenow:2022-04-13 21:26:10.662087 current reading: 2022-04-13 21:26:07.732915 fresh: False
INFO:root:STATE: TimeOutStatenow:2022-04-13 21:26:11.718263 current reading: 2022-04-13 21:26:07.732915 fresh: False
INFO:root:STATE: TimeOutStatenow:2022-04-13 21:26:12.778394 current reading: 2022-04-13 21:26:07.732915 fresh: False
INFO:root:STREAM: update{'r_tensione': 1, 'r_carico': 31, 'r_produzione': 36, 'r_immissione': 53, 'r_boiler': 90, 'r_temperatura': 73, 'avg_temperatura': 24.0}at:2022-04-13 21:26:13.770740
INFO:root:STATE: TimeOutStatenow:2022-04-13 21:26:13.833571 current reading: 2022-04-13 21:26:13.770740 fresh: True
INFO:root:STATE: TimeOutStatenow:2022-04-13 21:26:14.884762 current reading: 2022-04-13 21:26:13.770740 fresh: False
INFO:root:STATE: TimeOutStatenow:2022-04-13 21:26:15.923017 current reading: 2022-04-13 21:26:13.770740 fresh: False
INFO:root:STATE: TimeOutStatenow:2022-04-13 21:26:16.968188 current reading: 2022-04-13 21:26:13.770740 fresh: False
INFO:root:STATE: TimeOutStatenow:2022-04-13 21:26:18.012396 current reading: 2022-04-13 21:26:13.770740 fresh: False
INFO:root:STATE: TimeOutStatenow:2022-04-13 21:26:19.074588 current reading: 2022-04-13 21:26:13.770740 fresh: False
INFO:root:STATE: TimeOutStatenow:2022-04-13 21:26:20.129733 current reading: 2022-04-13 21:26:13.770740 fresh: False
INFO:root:STATE: TimeOutStatenow:2022-04-13 21:26:21.185967 current reading: 2022-04-13 21:26:13.770740 fresh: False
INFO:root:STATE: TimeOutStatenow:2022-04-13 21:26:22.232141 current reading: 2022-04-13 21:26:13.770740 fresh: False
INFO:root:STATE: TimeOutStatenow:2022-04-13 21:26:23.272393 current reading: 2022-04-13 21:26:13.770740 fresh: False
INFO:root:STATE: TimeOutStatenow:2022-04-13 21:26:24.333522 current reading: 2022-04-13 21:26:13.770740 fresh: False
INFO:root:STATE: TimeOutStatenow:2022-04-13 21:26:25.388727 current reading: 2022-04-13 21:26:13.770740 fresh: False
INFO:root:STATE: TimeOutStatenow:2022-04-13 21:26:26.449862 current reading: 2022-04-13 21:26:13.770740 fresh: False
INFO:root:STATE: TimeOutStatenow:2022-04-13 21:26:27.508059 current reading: 2022-04-13 21:26:13.770740 fresh: False
INFO:root:STATE: TimeOutStatenow:2022-04-13 21:26:28.567232 current reading: 2022-04-13 21:26:13.770740 fresh: False
INFO:root:STATE: TimeOutStatenow:2022-04-13 21:26:29.617466 current reading: 2022-04-13 21:26:13.770740 fresh: False
INFO:root:STATE: TimeOutStatenow:2022-04-13 21:26:30.669657 current reading: 2022-04-13 21:26:13.770740 fresh: False
INFO:root:STATE: TimeOutStatenow:2022-04-13 21:26:31.708873 current reading: 2022-04-13 21:26:13.770740 fresh: False
INFO:root:STREAM: update{'r_tensione': 77, 'r_carico': 49, 'r_produzione': 58, 'r_immissione': 40, 'r_boiler': 71, 'r_temperatura': 23, 'avg_temperatura': 24.8}at:2022-04-13 21:26:31.820586
INFO:root:STATE: TimeOutStatenow:2022-04-13 21:26:32.760061 current reading: 2022-04-13 21:26:31.820586 fresh: True
INFO:root:STATE: TimeOutStatenow:2022-04-13 21:26:33.807227 current reading: 2022-04-13 21:26:31.820586 fresh: False
INFO:root:STATE: TimeOutStatenow:2022-04-13 21:26:34.858450 current reading: 2022-04-13 21:26:31.820586 fresh: False
INFO:root:STATE: TimeOutStatenow:2022-04-13 21:26:35.918581 current reading: 2022-04-13 21:26:31.820586 fresh: False
INFO:root:STATE: TimeOutStatenow:2022-04-13 21:26:36.978785 current reading: 2022-04-13 21:26:31.820586 fresh: False
INFO:root:STATE: TimeOutStatenow:2022-04-13 21:26:38.012981 current reading: 2022-04-13 21:26:31.820586 fresh: False
INFO:root:STATE: TimeOutStatenow:2022-04-13 21:26:39.056224 current reading: 2022-04-13 21:26:31.820586 fresh: False
INFO:root:STATE: TimeOutStatenow:2022-04-13 21:26:40.107378 current reading: 2022-04-13 21:26:31.820586 fresh: False
INFO:root:STATE: TimeOutStatenow:2022-04-13 21:26:41.146020 current reading: 2022-04-13 21:26:31.820586 fresh: False
INFO:root:STATE: TimeOutStatenow:2022-04-13 21:26:42.197214 current reading: 2022-04-13 21:26:31.820586 fresh: False
INFO:root:STATE: TimeOutStatenow:2022-04-13 21:26:43.253357 current reading: 2022-04-13 21:26:31.820586 fresh: False
INFO:root:STREAM: update{'r_tensione': 43, 'r_carico': 46, 'r_produzione': 17, 'r_immissione': 44, 'r_boiler': 51, 'r_temperatura': 12, 'avg_temperatura': 25.2}at:2022-04-13 21:26:43.868711
INFO:root:STATE: TimeOutStatenow:2022-04-13 21:26:44.315515 current reading: 2022-04-13 21:26:43.868711 fresh: True
INFO:root:STATE: TimeOutStatenow:2022-04-13 21:26:45.364710 current reading: 2022-04-13 21:26:43.868711 fresh: False
INFO:root:STATE: TimeOutStatenow:2022-04-13 21:26:46.418891 current reading: 2022-04-13 21:26:43.868711 fresh: False
INFO:root:STATE: TimeOutStatenow:2022-04-13 21:26:47.478057 current reading: 2022-04-13 21:26:43.868711 fresh: False
INFO:root:STATE: TimeOutStatenow:2022-04-13 21:26:48.533264 current reading: 2022-04-13 21:26:43.868711 fresh: False
INFO:root:STATE: TimeOutStatenow:2022-04-13 21:26:49.594400 current reading: 2022-04-13 21:26:43.868711 fresh: False
INFO:root:STATE: TimeOutStatenow:2022-04-13 21:26:50.655588 current reading: 2022-04-13 21:26:43.868711 fresh: False
INFO:root:STATE: TimeOutStatenow:2022-04-13 21:26:51.720712 current reading: 2022-04-13 21:26:43.868711 fresh: False
INFO:root:STATE: TimeOutStatenow:2022-04-13 21:26:52.776895 current reading: 2022-04-13 21:26:43.868711 fresh: False
INFO:root:STATE: TimeOutStatenow:2022-04-13 21:26:53.825111 current reading: 2022-04-13 21:26:43.868711 fresh: False
INFO:root:STATE: TimeOutStatenow:2022-04-13 21:26:54.881293 current reading: 2022-04-13 21:26:43.868711 fresh: False
INFO:root:STATE: TimeOutStatenow:2022-04-13 21:26:55.943418 current reading: 2022-04-13 21:26:43.868711 fresh: False
INFO:root:STATE: TimeOutStatenow:2022-04-13 21:26:56.991616 current reading: 2022-04-13 21:26:43.868711 fresh: False
INFO:root:STATE: TimeOutStatenow:2022-04-13 21:26:58.046793 current reading: 2022-04-13 21:26:43.868711 fresh: False
INFO:root:STATE: TimeOutStatenow:2022-04-13 21:26:59.088039 current reading: 2022-04-13 21:26:43.868711 fresh: False
INFO:root:STATE: TimeOutStatenow:2022-04-13 21:27:00.151167 current reading: 2022-04-13 21:26:43.868711 fresh: False
INFO:root:STATE: TimeOutStatenow:2022-04-13 21:27:01.206345 current reading: 2022-04-13 21:26:43.868711 fresh: False
INFO:root:STREAM: update{'r_tensione': 49, 'r_carico': 57, 'r_produzione': 51, 'r_immissione': 38, 'r_boiler': 74, 'r_temperatura': 17, 'avg_temperatura': 25.8}at:2022-04-13 21:27:01.928420
INFO:root:STATE: TimeOutStatenow:2022-04-13 21:27:02.260524 current reading: 2022-04-13 21:27:01.928420 fresh: True
INFO:root:STATE: TimeOutStatenow:2022-04-13 21:27:03.307725 current reading: 2022-04-13 21:27:01.928420 fresh: False
INFO:root:STATE: TimeOutStatenow:2022-04-13 21:27:04.363933 current reading: 2022-04-13 21:27:01.928420 fresh: False
INFO:root:SYTSTEM:scaricashutdown
INFO:root:STREAM: update{'r_tensione': 10, 'r_carico': 92, 'r_produzione': 95, 'r_immissione': 44, 'r_boiler': 73, 'r_temperatura': 71, 'avg_temperatura': 2.4}at:2022-04-13 21:39:33.598147
INFO:root:Changed MOD TO: AUTO
INFO:root:STATE: InitStatenow:2022-04-13 21:39:33.612141 current reading: 2022-04-13 21:39:33.598147 fresh: True
INFO:root:STATE: InitStatenow:2022-04-13 21:39:34.673268 current reading: 2022-04-13 21:39:33.598147 fresh: False
INFO:root:STATE: InitStatenow:2022-04-13 21:39:35.733466 current reading: 2022-04-13 21:39:33.598147 fresh: False
INFO:root:trx fromInitStatetoTimeOutState
INFO:root:STATE: TimeOutStatenow:2022-04-13 21:39:36.822522 current reading: 2022-04-13 21:39:33.598147 fresh: False
INFO:root:STATE: TimeOutStatenow:2022-04-13 21:39:37.871713 current reading: 2022-04-13 21:39:33.598147 fresh: False
INFO:root:STATE: TimeOutStatenow:2022-04-13 21:39:38.919938 current reading: 2022-04-13 21:39:33.598147 fresh: False
INFO:root:STREAM: update{'r_tensione': 93, 'r_carico': 68, 'r_produzione': 88, 'r_immissione': 0, 'r_boiler': 80, 'r_temperatura': 51, 'avg_temperatura': 1.7}at:2022-04-13 23:09:14.805194
INFO:root:Changed MOD TO: AUTO
INFO:root:STATE: InitStatenow:2022-04-13 23:09:14.829129 current reading: 2022-04-13 23:09:14.805194 fresh: True
INFO:root:STATE: InitStatenow:2022-04-13 23:09:15.874367 current reading: 2022-04-13 23:09:14.805194 fresh: False
INFO:root:STATE: InitStatenow:2022-04-13 23:09:16.922568 current reading: 2022-04-13 23:09:14.805194 fresh: False
INFO:root:trx fromInitStatetoTimeOutState
INFO:root:SYTSTEM:scaricashutdown
INFO:root:STREAM: update{'r_tensione': 74, 'r_carico': 88, 'r_produzione': 32, 'r_immissione': 30, 'r_boiler': 90, 'r_temperatura': 2, 'avg_temperatura': 1.8}at:2022-04-13 23:09:18.821452
INFO:root:STATE: TimeOutStatenow:2022-04-13 23:09:24.053493 current reading: 2022-04-13 23:09:14.805194 fresh: False
INFO:root:STATE: TimeOutStatenow:2022-04-13 23:09:25.106670 current reading: 2022-04-13 23:09:18.821452 fresh: True
INFO:root:STATE: TimeOutStatenow:2022-04-13 23:09:26.167805 current reading: 2022-04-13 23:09:18.821452 fresh: False
INFO:root:STATE: TimeOutStatenow:2022-04-13 23:09:27.218029 current reading: 2022-04-13 23:09:18.821452 fresh: False
INFO:root:STATE: TimeOutStatenow:2022-04-13 23:09:28.279342 current reading: 2022-04-13 23:09:18.821452 fresh: False
INFO:root:STATE: TimeOutStatenow:2022-04-13 23:09:29.320582 current reading: 2022-04-13 23:09:18.821452 fresh: False
INFO:root:STATE: TimeOutStatenow:2022-04-13 23:09:30.381717 current reading: 2022-04-13 23:09:18.821452 fresh: False
INFO:root:STATE: TimeOutStatenow:2022-04-13 23:09:31.435932 current reading: 2022-04-13 23:09:18.821452 fresh: False
INFO:root:STATE: TimeOutStatenow:2022-04-13 23:09:32.485120 current reading: 2022-04-13 23:09:18.821452 fresh: False
INFO:root:STREAM: update{'r_tensione': 95, 'r_carico': 1, 'r_produzione': 32, 'r_immissione': 26, 'r_boiler': 75, 'r_temperatura': 14, 'avg_temperatura': 2.2}at:2022-04-13 23:09:32.882031
INFO:root:STATE: TimeOutStatenow:2022-04-13 23:09:33.545258 current reading: 2022-04-13 23:09:32.882031 fresh: True
INFO:root:STATE: TimeOutStatenow:2022-04-13 23:09:34.594478 current reading: 2022-04-13 23:09:32.882031 fresh: False
INFO:root:STATE: TimeOutStatenow:2022-04-13 23:09:35.656643 current reading: 2022-04-13 23:09:32.882031 fresh: False
INFO:root:STATE: TimeOutStatenow:2022-04-13 23:09:36.693905 current reading: 2022-04-13 23:09:32.882031 fresh: False
INFO:root:STATE: TimeOutStatenow:2022-04-13 23:09:37.745062 current reading: 2022-04-13 23:09:32.882031 fresh: False
INFO:root:STATE: TimeOutStatenow:2022-04-13 23:09:38.800240 current reading: 2022-04-13 23:09:32.882031 fresh: False
INFO:root:STATE: TimeOutStatenow:2022-04-13 23:09:39.862399 current reading: 2022-04-13 23:09:32.882031 fresh: False
INFO:root:STATE: TimeOutStatenow:2022-04-13 23:09:40.903641 current reading: 2022-04-13 23:09:32.882031 fresh: False
INFO:root:STATE: TimeOutStatenow:2022-04-13 23:09:41.964809 current reading: 2022-04-13 23:09:32.882031 fresh: False
INFO:root:STATE: TimeOutStatenow:2022-04-13 23:09:43.033951 current reading: 2022-04-13 23:09:32.882031 fresh: False
INFO:root:STATE: TimeOutStatenow:2022-04-13 23:09:44.097073 current reading: 2022-04-13 23:09:32.882031 fresh: False
INFO:root:STATE: TimeOutStatenow:2022-04-13 23:09:45.157277 current reading: 2022-04-13 23:09:32.882031 fresh: False
INFO:root:STATE: TimeOutStatenow:2022-04-13 23:09:46.190475 current reading: 2022-04-13 23:09:32.882031 fresh: False
INFO:root:STATE: TimeOutStatenow:2022-04-13 23:09:47.252635 current reading: 2022-04-13 23:09:32.882031 fresh: False
INFO:root:STATE: TimeOutStatenow:2022-04-13 23:09:48.314795 current reading: 2022-04-13 23:09:32.882031 fresh: False
INFO:root:STATE: TimeOutStatenow:2022-04-13 23:09:49.365019 current reading: 2022-04-13 23:09:32.882031 fresh: False
INFO:root:STATE: TimeOutStatenow:2022-04-13 23:09:50.412220 current reading: 2022-04-13 23:09:32.882031 fresh: False
INFO:root:STATE: TimeOutStatenow:2022-04-13 23:09:51.472351 current reading: 2022-04-13 23:09:32.882031 fresh: False
INFO:root:STATE: TimeOutStatenow:2022-04-13 23:09:52.535540 current reading: 2022-04-13 23:09:32.882031 fresh: False
INFO:root:STREAM: update{'r_tensione': 94, 'r_carico': 25, 'r_produzione': 64, 'r_immissione': 17, 'r_boiler': 52, 'r_temperatura': 48, 'avg_temperatura': 3.8}at:2022-04-13 23:09:52.928456
INFO:root:STATE: TimeOutStatenow:2022-04-13 23:09:53.599662 current reading: 2022-04-13 23:09:52.928456 fresh: True
INFO:root:STATE: TimeOutStatenow:2022-04-13 23:09:54.658877 current reading: 2022-04-13 23:09:52.928456 fresh: False
INFO:root:STATE: TimeOutStatenow:2022-04-13 23:09:55.692065 current reading: 2022-04-13 23:09:52.928456 fresh: False
INFO:root:STATE: TimeOutStatenow:2022-04-13 23:09:56.753266 current reading: 2022-04-13 23:09:52.928456 fresh: False
INFO:root:STATE: TimeOutStatenow:2022-04-13 23:09:57.811396 current reading: 2022-04-13 23:09:52.928456 fresh: False
INFO:root:STATE: TimeOutStatenow:2022-04-13 23:09:58.846656 current reading: 2022-04-13 23:09:52.928456 fresh: False
INFO:root:STATE: TimeOutStatenow:2022-04-13 23:09:59.899822 current reading: 2022-04-13 23:09:52.928456 fresh: False
INFO:root:STATE: TimeOutStatenow:2022-04-13 23:10:00.940069 current reading: 2022-04-13 23:09:52.928456 fresh: False
INFO:root:STATE: TimeOutStatenow:2022-04-13 23:10:02.008212 current reading: 2022-04-13 23:09:52.928456 fresh: False
INFO:root:STATE: TimeOutStatenow:2022-04-13 23:10:03.056371 current reading: 2022-04-13 23:09:52.928456 fresh: False
INFO:root:STATE: TimeOutStatenow:2022-04-13 23:10:04.090632 current reading: 2022-04-13 23:09:52.928456 fresh: False
INFO:root:STATE: TimeOutStatenow:2022-04-13 23:10:05.138836 current reading: 2022-04-13 23:09:52.928456 fresh: False
INFO:root:STATE: TimeOutStatenow:2022-04-13 23:10:06.193009 current reading: 2022-04-13 23:09:52.928456 fresh: False
INFO:root:STATE: TimeOutStatenow:2022-04-13 23:10:07.255170 current reading: 2022-04-13 23:09:52.928456 fresh: False
INFO:root:STATE: TimeOutStatenow:2022-04-13 23:10:08.317333 current reading: 2022-04-13 23:09:52.928456 fresh: False
INFO:root:STREAM: update{'r_tensione': 4, 'r_carico': 11, 'r_produzione': 83, 'r_immissione': 77, 'r_boiler': 52, 'r_temperatura': 40, 'avg_temperatura': 5.2}at:2022-04-13 23:10:08.984551
INFO:root:STATE: TimeOutStatenow:2022-04-13 23:10:09.349573 current reading: 2022-04-13 23:10:08.984551 fresh: True
INFO:root:STATE: TimeOutStatenow:2022-04-13 23:10:10.411008 current reading: 2022-04-13 23:10:08.984551 fresh: False
INFO:root:STATE: TimeOutStatenow:2022-04-13 23:10:11.474197 current reading: 2022-04-13 23:10:08.984551 fresh: False
INFO:root:STATE: TimeOutStatenow:2022-04-13 23:10:12.531376 current reading: 2022-04-13 23:10:08.984551 fresh: False
INFO:root:STATE: TimeOutStatenow:2022-04-13 23:10:13.582552 current reading: 2022-04-13 23:10:08.984551 fresh: False
INFO:root:STATE: TimeOutStatenow:2022-04-13 23:10:14.631721 current reading: 2022-04-13 23:10:08.984551 fresh: False
INFO:root:STATE: TimeOutStatenow:2022-04-13 23:10:15.675928 current reading: 2022-04-13 23:10:08.984551 fresh: False
INFO:root:STATE: TimeOutStatenow:2022-04-13 23:10:16.724151 current reading: 2022-04-13 23:10:08.984551 fresh: False
INFO:root:STREAM: update{'r_tensione': 74, 'r_carico': 85, 'r_produzione': 67, 'r_immissione': 75, 'r_boiler': 62, 'r_temperatura': 91, 'avg_temperatura': 8.2}at:2022-04-13 23:10:17.039283
INFO:root:STATE: TimeOutStatenow:2022-04-13 23:10:17.777340 current reading: 2022-04-13 23:10:17.039283 fresh: True
INFO:root:STATE: TimeOutStatenow:2022-04-13 23:10:18.823550 current reading: 2022-04-13 23:10:17.039283 fresh: False
INFO:root:STATE: TimeOutStatenow:2022-04-13 23:10:19.864725 current reading: 2022-04-13 23:10:17.039283 fresh: False
INFO:root:STATE: TimeOutStatenow:2022-04-13 23:10:20.923925 current reading: 2022-04-13 23:10:17.039283 fresh: False
INFO:root:STATE: TimeOutStatenow:2022-04-13 23:10:21.982101 current reading: 2022-04-13 23:10:17.039283 fresh: False
INFO:root:STATE: TimeOutStatenow:2022-04-13 23:10:23.042261 current reading: 2022-04-13 23:10:17.039283 fresh: False
INFO:root:STATE: TimeOutStatenow:2022-04-13 23:10:24.104386 current reading: 2022-04-13 23:10:17.039283 fresh: False
INFO:root:STATE: TimeOutStatenow:2022-04-13 23:10:25.153614 current reading: 2022-04-13 23:10:17.039283 fresh: False
INFO:root:STATE: TimeOutStatenow:2022-04-13 23:10:26.202775 current reading: 2022-04-13 23:10:17.039283 fresh: False
INFO:root:STREAM: update{'r_tensione': 32, 'r_carico': 44, 'r_produzione': 77, 'r_immissione': 10, 'r_boiler': 77, 'r_temperatura': 8, 'avg_temperatura': 8.5}at:2022-04-13 23:10:27.089436
INFO:root:STATE: TimeOutStatenow:2022-04-13 23:10:27.263936 current reading: 2022-04-13 23:10:27.089436 fresh: True
INFO:root:STATE: TimeOutStatenow:2022-04-13 23:10:28.317125 current reading: 2022-04-13 23:10:27.089436 fresh: False
INFO:root:STATE: TimeOutStatenow:2022-04-13 23:10:29.366341 current reading: 2022-04-13 23:10:27.089436 fresh: False
INFO:root:STATE: TimeOutStatenow:2022-04-13 23:10:30.418533 current reading: 2022-04-13 23:10:27.089436 fresh: False
INFO:root:STATE: TimeOutStatenow:2022-04-13 23:10:31.462745 current reading: 2022-04-13 23:10:27.089436 fresh: False
INFO:root:STATE: TimeOutStatenow:2022-04-13 23:10:32.504962 current reading: 2022-04-13 23:10:27.089436 fresh: False
INFO:root:STATE: TimeOutStatenow:2022-04-13 23:10:33.565086 current reading: 2022-04-13 23:10:27.089436 fresh: False
INFO:root:STATE: TimeOutStatenow:2022-04-13 23:10:34.617305 current reading: 2022-04-13 23:10:27.089436 fresh: False
INFO:root:STATE: TimeOutStatenow:2022-04-13 23:10:35.650955 current reading: 2022-04-13 23:10:27.089436 fresh: False
INFO:root:STATE: TimeOutStatenow:2022-04-13 23:10:36.705155 current reading: 2022-04-13 23:10:27.089436 fresh: False
INFO:root:STATE: TimeOutStatenow:2022-04-13 23:10:37.764323 current reading: 2022-04-13 23:10:27.089436 fresh: False
INFO:root:STREAM: update{'r_tensione': 6, 'r_carico': 44, 'r_produzione': 49, 'r_immissione': 57, 'r_boiler': 91, 'r_temperatura': 7, 'avg_temperatura': 0.2}at:2022-04-13 23:10:46.349962
INFO:root:Changed MOD TO: AUTO
INFO:root:STATE: InitStatenow:2022-04-13 23:10:46.384904 current reading: 2022-04-13 23:10:46.349962 fresh: True
INFO:root:STATE: InitStatenow:2022-04-13 23:10:47.440045 current reading: 2022-04-13 23:10:46.349962 fresh: False
INFO:root:STATE: InitStatenow:2022-04-13 23:10:48.485250 current reading: 2022-04-13 23:10:46.349962 fresh: False
INFO:root:trx fromInitStatetoTimeOutState
INFO:root:SYTSTEM:scaricashutdown
INFO:root:STATE: TimeOutStatenow:2022-04-13 23:10:55.636126 current reading: 2022-04-13 23:10:46.349962 fresh: False
INFO:root:STATE: TimeOutStatenow:2022-04-13 23:10:56.687347 current reading: 2022-04-13 23:10:46.349962 fresh: False
INFO:root:STATE: TimeOutStatenow:2022-04-13 23:10:57.740526 current reading: 2022-04-13 23:10:46.349962 fresh: False
INFO:root:STREAM: update{'r_tensione': 81, 'r_carico': 28, 'r_produzione': 34, 'r_immissione': 31, 'r_boiler': 55, 'r_temperatura': 36, 'avg_temperatura': 1.4}at:2022-04-13 23:10:58.375930
INFO:root:STATE: TimeOutStatenow:2022-04-13 23:10:58.801794 current reading: 2022-04-13 23:10:58.375930 fresh: True
INFO:root:STATE: TimeOutStatenow:2022-04-13 23:10:59.857004 current reading: 2022-04-13 23:10:58.375930 fresh: False
INFO:root:STATE: TimeOutStatenow:2022-04-13 23:11:00.920129 current reading: 2022-04-13 23:10:58.375930 fresh: False
INFO:root:STATE: TimeOutStatenow:2022-04-13 23:11:01.982315 current reading: 2022-04-13 23:10:58.375930 fresh: False
INFO:root:STATE: TimeOutStatenow:2022-04-13 23:11:03.041488 current reading: 2022-04-13 23:10:58.375930 fresh: False
INFO:root:STATE: TimeOutStatenow:2022-04-13 23:11:04.088687 current reading: 2022-04-13 23:10:58.375930 fresh: False
INFO:root:STATE: TimeOutStatenow:2022-04-13 23:11:05.144862 current reading: 2022-04-13 23:10:58.375930 fresh: False
INFO:root:STATE: TimeOutStatenow:2022-04-13 23:11:06.194057 current reading: 2022-04-13 23:10:58.375930 fresh: False
INFO:root:STATE: TimeOutStatenow:2022-04-13 23:11:07.241250 current reading: 2022-04-13 23:10:58.375930 fresh: False
INFO:root:STATE: TimeOutStatenow:2022-04-13 23:11:08.302413 current reading: 2022-04-13 23:10:58.375930 fresh: False
INFO:root:STATE: TimeOutStatenow:2022-04-13 23:11:09.345629 current reading: 2022-04-13 23:10:58.375930 fresh: False
INFO:root:STATE: TimeOutStatenow:2022-04-13 23:11:10.399777 current reading: 2022-04-13 23:10:58.375930 fresh: False
INFO:root:STATE: TimeOutStatenow:2022-04-13 23:11:11.458977 current reading: 2022-04-13 23:10:58.375930 fresh: False
INFO:root:STATE: TimeOutStatenow:2022-04-13 23:11:12.508140 current reading: 2022-04-13 23:10:58.375930 fresh: False
INFO:root:STATE: TimeOutStatenow:2022-04-13 23:11:13.553375 current reading: 2022-04-13 23:10:58.375930 fresh: False
INFO:root:STREAM: update{'r_tensione': 9, 'r_carico': 74, 'r_produzione': 5, 'r_immissione': 67, 'r_boiler': 65, 'r_temperatura': 65, 'avg_temperatura': 3.6}at:2022-04-13 23:11:14.425040
INFO:root:STATE: TimeOutStatenow:2022-04-13 23:11:14.614536 current reading: 2022-04-13 23:11:14.425040 fresh: True
INFO:root:STATE: TimeOutStatenow:2022-04-13 23:11:15.675694 current reading: 2022-04-13 23:11:14.425040 fresh: False
INFO:root:STATE: TimeOutStatenow:2022-04-13 23:11:16.744840 current reading: 2022-04-13 23:11:14.425040 fresh: False
INFO:root:STATE: TimeOutStatenow:2022-04-13 23:11:17.793031 current reading: 2022-04-13 23:11:14.425040 fresh: False
INFO:root:STATE: TimeOutStatenow:2022-04-13 23:11:18.855197 current reading: 2022-04-13 23:11:14.425040 fresh: False
INFO:root:STATE: TimeOutStatenow:2022-04-13 23:11:19.896411 current reading: 2022-04-13 23:11:14.425040 fresh: False
INFO:root:STATE: TimeOutStatenow:2022-04-13 23:11:20.943611 current reading: 2022-04-13 23:11:14.425040 fresh: False
INFO:root:STATE: TimeOutStatenow:2022-04-13 23:11:22.002740 current reading: 2022-04-13 23:11:14.425040 fresh: False
INFO:root:STATE: TimeOutStatenow:2022-04-13 23:11:23.065892 current reading: 2022-04-13 23:11:14.425040 fresh: False
INFO:root:STATE: TimeOutStatenow:2022-04-13 23:11:24.115054 current reading: 2022-04-13 23:11:14.425040 fresh: False
INFO:root:STATE: TimeOutStatenow:2022-04-13 23:11:25.175255 current reading: 2022-04-13 23:11:14.425040 fresh: False
INFO:root:STATE: TimeOutStatenow:2022-04-13 23:11:26.208455 current reading: 2022-04-13 23:11:14.425040 fresh: False
INFO:root:STATE: TimeOutStatenow:2022-04-13 23:11:27.249704 current reading: 2022-04-13 23:11:14.425040 fresh: False
INFO:root:STATE: TimeOutStatenow:2022-04-13 23:11:28.281943 current reading: 2022-04-13 23:11:14.425040 fresh: False
INFO:root:STATE: TimeOutStatenow:2022-04-13 23:11:29.325120 current reading: 2022-04-13 23:11:14.425040 fresh: False
INFO:root:STATE: TimeOutStatenow:2022-04-13 23:11:30.372250 current reading: 2022-04-13 23:11:14.425040 fresh: False
INFO:root:STATE: TimeOutStatenow:2022-04-13 23:11:31.431390 current reading: 2022-04-13 23:11:14.425040 fresh: False
INFO:root:STATE: TimeOutStatenow:2022-04-13 23:11:32.474628 current reading: 2022-04-13 23:11:14.425040 fresh: False
INFO:root:STREAM: update{'r_tensione': 3, 'r_carico': 2, 'r_produzione': 93, 'r_immissione': 31, 'r_boiler': 54, 'r_temperatura': 42, 'avg_temperatura': 5.0}at:2022-04-13 23:11:32.474628
INFO:root:STATE: TimeOutStatenow:2022-04-13 23:11:33.549726 current reading: 2022-04-13 23:11:32.474628 fresh: True
INFO:root:STATE: TimeOutStatenow:2022-04-13 23:11:34.611885 current reading: 2022-04-13 23:11:32.474628 fresh: False
INFO:root:STATE: TimeOutStatenow:2022-04-13 23:11:35.675043 current reading: 2022-04-13 23:11:32.474628 fresh: False
INFO:root:STATE: TimeOutStatenow:2022-04-13 23:11:36.719277 current reading: 2022-04-13 23:11:32.474628 fresh: False
INFO:root:STATE: TimeOutStatenow:2022-04-13 23:11:37.782405 current reading: 2022-04-13 23:11:32.474628 fresh: False
INFO:root:STREAM: update{'r_tensione': 44, 'r_carico': 68, 'r_produzione': 99, 'r_immissione': 5, 'r_boiler': 82, 'r_temperatura': 39, 'avg_temperatura': 6.3}at:2022-04-13 23:11:38.554369
INFO:root:STATE: TimeOutStatenow:2022-04-13 23:11:38.822653 current reading: 2022-04-13 23:11:38.554369 fresh: True
INFO:root:STATE: TimeOutStatenow:2022-04-13 23:11:39.884816 current reading: 2022-04-13 23:11:38.554369 fresh: False
INFO:root:STREAM: update{'r_tensione': 29, 'r_carico': 67, 'r_produzione': 38, 'r_immissione': 37, 'r_boiler': 76, 'r_temperatura': 96, 'avg_temperatura': 9.5}at:2022-04-13 23:11:40.607883
INFO:root:STATE: TimeOutStatenow:2022-04-13 23:11:40.933269 current reading: 2022-04-13 23:11:40.607883 fresh: True
INFO:root:STATE: TimeOutStatenow:2022-04-13 23:11:41.995433 current reading: 2022-04-13 23:11:40.607883 fresh: False
INFO:root:STREAM: update{'r_tensione': 81, 'r_carico': 60, 'r_produzione': 68, 'r_immissione': 90, 'r_boiler': 84, 'r_temperatura': 14, 'avg_temperatura': 10.0}at:2022-04-13 23:11:42.665609
INFO:root:STATE: TimeOutStatenow:2022-04-13 23:11:43.044594 current reading: 2022-04-13 23:11:42.665609 fresh: True
INFO:root:STATE: TimeOutStatenow:2022-04-13 23:11:44.104760 current reading: 2022-04-13 23:11:42.665609 fresh: False
INFO:root:STATE: TimeOutStatenow:2022-04-13 23:11:45.165955 current reading: 2022-04-13 23:11:42.665609 fresh: False
INFO:root:STATE: TimeOutStatenow:2022-04-13 23:11:46.228114 current reading: 2022-04-13 23:11:42.665609 fresh: False
INFO:root:STREAM: update{'r_tensione': 1, 'r_carico': 91, 'r_produzione': 20, 'r_immissione': 95, 'r_boiler': 97, 'r_temperatura': 4, 'avg_temperatura': 0.1}at:2022-04-13 23:13:02.632926
INFO:root:STREAM: update{'r_tensione': 71, 'r_carico': 2, 'r_produzione': 65, 'r_immissione': 57, 'r_boiler': 27, 'r_temperatura': 95, 'avg_temperatura': 3.3}at:2022-04-13 23:13:02.633921
INFO:root:Changed MOD TO: AUTO
INFO:root:STATE: InitStatenow:2022-04-13 23:13:02.694790 current reading: 2022-04-13 23:13:02.633921 fresh: True
INFO:root:STATE: InitStatenow:2022-04-13 23:13:03.751963 current reading: 2022-04-13 23:13:02.633921 fresh: False
INFO:root:STATE: InitStatenow:2022-04-13 23:13:04.814121 current reading: 2022-04-13 23:13:02.633921 fresh: False
INFO:root:trx fromInitStatetoTimeOutState
INFO:root:SYTSTEM:scaricashutdown
INFO:root:STATE: TimeOutStatenow:2022-04-13 23:13:11.960013 current reading: 2022-04-13 23:13:02.633921 fresh: False
INFO:root:STREAM: update{'r_tensione': 83, 'r_carico': 100, 'r_produzione': 61, 'r_immissione': 85, 'r_boiler': 74, 'r_temperatura': 80, 'avg_temperatura': 6.0}at:2022-04-13 23:13:12.673071
INFO:root:STATE: TimeOutStatenow:2022-04-13 23:13:13.017179 current reading: 2022-04-13 23:13:12.673071 fresh: True
INFO:root:STATE: TimeOutStatenow:2022-04-13 23:13:14.079343 current reading: 2022-04-13 23:13:12.673071 fresh: False
INFO:root:STATE: TimeOutStatenow:2022-04-13 23:13:15.132521 current reading: 2022-04-13 23:13:12.673071 fresh: False
INFO:root:STATE: TimeOutStatenow:2022-04-13 23:13:16.191693 current reading: 2022-04-13 23:13:12.673071 fresh: False
INFO:root:STATE: TimeOutStatenow:2022-04-13 23:13:17.234872 current reading: 2022-04-13 23:13:12.673071 fresh: False
INFO:root:STATE: TimeOutStatenow:2022-04-13 23:13:18.293068 current reading: 2022-04-13 23:13:12.673071 fresh: False
INFO:root:STATE: TimeOutStatenow:2022-04-13 23:13:19.356238 current reading: 2022-04-13 23:13:12.673071 fresh: False
INFO:root:STATE: TimeOutStatenow:2022-04-13 23:13:20.409409 current reading: 2022-04-13 23:13:12.673071 fresh: False
INFO:root:STATE: TimeOutStatenow:2022-04-13 23:13:21.458604 current reading: 2022-04-13 23:13:12.673071 fresh: False
INFO:root:STATE: TimeOutStatenow:2022-04-13 23:13:22.519771 current reading: 2022-04-13 23:13:12.673071 fresh: False
INFO:root:STREAM: update{'r_tensione': 86, 'r_carico': 49, 'r_produzione': 41, 'r_immissione': 73, 'r_boiler': 54, 'r_temperatura': 18, 'avg_temperatura': 6.6}at:2022-04-13 23:13:22.727215
INFO:root:STREAM: update{'r_tensione': 83, 'r_carico': 16, 'r_produzione': 5, 'r_immissione': 62, 'r_boiler': 33, 'r_temperatura': 0, 'avg_temperatura': 6.6}at:2022-04-13 23:13:26.788360
INFO:root:STREAM: update{'r_tensione': 37, 'r_carico': 45, 'r_produzione': 98, 'r_immissione': 43, 'r_boiler': 46, 'r_temperatura': 78, 'avg_temperatura': 2.6}at:2022-04-13 23:14:56.439751
INFO:root:Changed MOD TO: AUTO
INFO:root:STATE: InitStatenow:2022-04-13 23:14:56.454701 current reading: 2022-04-13 23:14:56.439751 fresh: True
INFO:root:STATE: InitStatenow:2022-04-13 23:14:57.515866 current reading: 2022-04-13 23:14:56.439751 fresh: False
INFO:root:STREAM: update{'r_tensione': 43, 'r_carico': 83, 'r_produzione': 42, 'r_immissione': 41, 'r_boiler': 84, 'r_temperatura': 4, 'avg_temperatura': 2.7}at:2022-04-13 23:14:58.462366
INFO:root:STATE: InitStatenow:2022-04-13 23:14:58.571069 current reading: 2022-04-13 23:14:58.462366 fresh: True
INFO:root:trx fromInitStatetoTimeOutState
INFO:root:SYTSTEM:scaricashutdown
INFO:root:STREAM: update{'r_tensione': 92, 'r_carico': 81, 'r_produzione': 59, 'r_immissione': 81, 'r_boiler': 57, 'r_temperatura': 10, 'avg_temperatura': 3.1}at:2022-04-13 23:15:00.519863
INFO:root:STATE: TimeOutStatenow:2022-04-13 23:15:05.669092 current reading: 2022-04-13 23:14:58.462366 fresh: False
INFO:root:STREAM: update{'r_tensione': 24, 'r_carico': 71, 'r_produzione': 26, 'r_immissione': 37, 'r_boiler': 93, 'r_temperatura': 4, 'avg_temperatura': 3.2}at:2022-04-13 23:15:06.566660
INFO:root:STATE: TimeOutStatenow:2022-04-13 23:15:06.705290 current reading: 2022-04-13 23:15:06.566660 fresh: True
INFO:root:STATE: TimeOutStatenow:2022-04-13 23:15:07.761496 current reading: 2022-04-13 23:15:06.566660 fresh: False
INFO:root:STATE: TimeOutStatenow:2022-04-13 23:15:08.821629 current reading: 2022-04-13 23:15:06.566660 fresh: False
INFO:root:STATE: TimeOutStatenow:2022-04-13 23:15:09.859851 current reading: 2022-04-13 23:15:06.566660 fresh: False
INFO:root:STATE: TimeOutStatenow:2022-04-13 23:15:10.923035 current reading: 2022-04-13 23:15:06.566660 fresh: False
INFO:root:STATE: TimeOutStatenow:2022-04-13 23:15:11.980181 current reading: 2022-04-13 23:15:06.566660 fresh: False
INFO:root:STATE: TimeOutStatenow:2022-04-13 23:15:13.028412 current reading: 2022-04-13 23:15:06.566660 fresh: False
INFO:root:STATE: TimeOutStatenow:2022-04-13 23:15:14.088578 current reading: 2022-04-13 23:15:06.566660 fresh: False
INFO:root:STREAM: update{'r_tensione': 56, 'r_carico': 93, 'r_produzione': 69, 'r_immissione': 19, 'r_boiler': 54, 'r_temperatura': 73, 'avg_temperatura': 5.6}at:2022-04-13 23:15:14.625142
INFO:root:trx fromTimeOutStatetoActiveState
INFO:root:STATE: ActiveStatenow:2022-04-13 23:15:15.176666 current reading: 2022-04-13 23:15:14.625142 fresh: True
INFO:root:STATE: ActiveStatenow:2022-04-13 23:15:16.235834 current reading: 2022-04-13 23:15:14.625142 fresh: False
INFO:root:STATE: ActiveStatenow:2022-04-13 23:15:17.298991 current reading: 2022-04-13 23:15:14.625142 fresh: False
INFO:root:STATE: ActiveStatenow:2022-04-13 23:15:18.348185 current reading: 2022-04-13 23:15:14.625142 fresh: False
INFO:root:STATE: ActiveStatenow:2022-04-13 23:15:19.409374 current reading: 2022-04-13 23:15:14.625142 fresh: False
INFO:root:STATE: ActiveStatenow:2022-04-13 23:15:20.472503 current reading: 2022-04-13 23:15:14.625142 fresh: False
INFO:root:STATE: ActiveStatenow:2022-04-13 23:15:21.530706 current reading: 2022-04-13 23:15:14.625142 fresh: False
INFO:root:STATE: ActiveStatenow:2022-04-13 23:15:22.573287 current reading: 2022-04-13 23:15:14.625142 fresh: False
INFO:root:STATE: ActiveStatenow:2022-04-13 23:15:23.635446 current reading: 2022-04-13 23:15:14.625142 fresh: False
INFO:root:STATE: ActiveStatenow:2022-04-13 23:15:24.687665 current reading: 2022-04-13 23:15:14.625142 fresh: False
INFO:root:STATE: ActiveStatenow:2022-04-13 23:15:25.745835 current reading: 2022-04-13 23:15:14.625142 fresh: False
INFO:root:STATE: ActiveStatenow:2022-04-13 23:15:26.794034 current reading: 2022-04-13 23:15:14.625142 fresh: False
INFO:root:STATE: ActiveStatenow:2022-04-13 23:15:27.841237 current reading: 2022-04-13 23:15:14.625142 fresh: False
INFO:root:STATE: ActiveStatenow:2022-04-13 23:15:28.888453 current reading: 2022-04-13 23:15:14.625142 fresh: False
INFO:root:STATE: ActiveStatenow:2022-04-13 23:15:29.945608 current reading: 2022-04-13 23:15:14.625142 fresh: False
